<?xml version="1.0" encoding="UTF-8"?>
<testsuite xmlns:xsi="http://www.w3.org/2001/XMLSchema-instance" xsi:noNamespaceSchemaLocation="https://maven.apache.org/surefire/maven-surefire-plugin/xsd/surefire-test-report-3.0.xsd" version="3.0" name="com.library.BorrowServiceTest" time="0.621" tests="5" errors="0" skipped="0" failures="3">
  <properties>
[...]
</properties>
  <testcase name="testBorrowExists" classname="com.library.BorrowServiceTest" time="0.305">
    <failure message="expected: &lt;true&gt; but was: &lt;false&gt;" type="org.opentest4j.AssertionFailedError"><![CDATA[org.opentest4j.AssertionFailedError: expected: <true> but was: <false>
	at org.junit.jupiter.api.AssertionFailureBuilder.build(AssertionFailureBuilder.java:151)
	at org.junit.jupiter.api.AssertionFailureBuilder.buildAndThrow(AssertionFailureBuilder.java:132)
	at org.junit.jupiter.api.AssertTrue.failNotTrue(AssertTrue.java:63)
	at org.junit.jupiter.api.AssertTrue.assertTrue(AssertTrue.java:36)
	at org.junit.jupiter.api.AssertTrue.assertTrue(AssertTrue.java:31)
	at org.junit.jupiter.api.Assertions.assertTrue(Assertions.java:183)
	at com.library.BorrowServiceTest.testBorrowExists(BorrowServiceTest.java:124)
	at java.base/java.lang.reflect.Method.invoke(Method.java:580)
	at java.base/java.util.ArrayList.forEach(ArrayList.java:1596)
	at java.base/java.util.ArrayList.forEach(ArrayList.java:1596)
]]></failure>
    <system-out><![CDATA[Livre non trouvé
]]></system-out>
    <system-err><![CDATA[Erreur lors de l'ajout du livre : Column 'isbn' cannot be null
Erreur lors de l'ajout du livre : Column 'isbn' cannot be null
]]></system-err>
  </testcase>
  <testcase name="testGetAllBorrows" classname="com.library.BorrowServiceTest" time="0.116">
    <failure message="expected: &lt;true&gt; but was: &lt;false&gt;" type="org.opentest4j.AssertionFailedError"><![CDATA[org.opentest4j.AssertionFailedError: expected: <true> but was: <false>
	at org.junit.jupiter.api.AssertionFailureBuilder.build(AssertionFailureBuilder.java:151)
	at org.junit.jupiter.api.AssertionFailureBuilder.buildAndThrow(AssertionFailureBuilder.java:132)
	at org.junit.jupiter.api.AssertTrue.failNotTrue(AssertTrue.java:63)
	at org.junit.jupiter.api.AssertTrue.assertTrue(AssertTrue.java:36)
	at org.junit.jupiter.api.AssertTrue.assertTrue(AssertTrue.java:31)
	at org.junit.jupiter.api.Assertions.assertTrue(Assertions.java:183)
	at com.library.BorrowServiceTest.testGetAllBorrows(BorrowServiceTest.java:114)
	at java.base/java.lang.reflect.Method.invoke(Method.java:580)
	at java.base/java.util.ArrayList.forEach(ArrayList.java:1596)
	at java.base/java.util.ArrayList.forEach(ArrayList.java:1596)
]]></failure>
    <system-out><![CDATA[Livre non trouvé
Livre non trouvé
]]></system-out>
    <system-err><![CDATA[Erreur lors de l'ajout du livre : Column 'isbn' cannot be null
Erreur lors de l'ajout du livre : Column 'isbn' cannot be null
]]></system-err>
  </testcase>
  <testcase name="testBorrowBookNotFound" classname="com.library.BorrowServiceTest" time="0.049">
    <system-out><![CDATA[Livre non trouvé
]]></system-out>
    <system-err><![CDATA[Erreur lors de l'ajout du livre : Column 'isbn' cannot be null
Erreur lors de l'ajout du livre : Column 'isbn' cannot be null
]]></system-err>
  </testcase>
  <testcase name="testBorrowBookStudentNotFound" classname="com.library.BorrowServiceTest" time="0.085">
    <system-out><![CDATA[Étudiant non trouvé
]]></system-out>
    <system-err><![CDATA[Erreur lors de l'ajout du livre : Column 'isbn' cannot be null
Erreur lors de l'ajout du livre : Column 'isbn' cannot be null
Dec 15, 2024 10:29:22 PM com.library.dao.StudentDAO getStudentById
WARNING: Aucun étudiant trouvé avec l'ID : 999
]]></system-err>
  </testcase>
  <testcase name="testBorrowBook" classname="com.library.BorrowServiceTest" time="0.05">
    <failure message="expected: &lt;true&gt; but was: &lt;false&gt;" type="org.opentest4j.AssertionFailedError"><![CDATA[org.opentest4j.AssertionFailedError: expected: <true> but was: <false>
	at org.junit.jupiter.api.AssertionFailureBuilder.build(AssertionFailureBuilder.java:151)
	at org.junit.jupiter.api.AssertionFailureBuilder.buildAndThrow(AssertionFailureBuilder.java:132)
	at org.junit.jupiter.api.AssertTrue.failNotTrue(AssertTrue.java:63)
	at org.junit.jupiter.api.AssertTrue.assertTrue(AssertTrue.java:36)
	at org.junit.jupiter.api.AssertTrue.assertTrue(AssertTrue.java:31)
	at org.junit.jupiter.api.Assertions.assertTrue(Assertions.java:183)
	at com.library.BorrowServiceTest.testBorrowBook(BorrowServiceTest.java:81)
	at java.base/java.lang.reflect.Method.invoke(Method.java:580)
	at java.base/java.util.ArrayList.forEach(ArrayList.java:1596)
	at java.base/java.util.ArrayList.forEach(ArrayList.java:1596)
]]></failure>
    <system-out><![CDATA[Livre non trouvé
]]></system-out>
    <system-err><![CDATA[Erreur lors de l'ajout du livre : Column 'isbn' cannot be null
Erreur lors de l'ajout du livre : Column 'isbn' cannot be null
]]></system-err>
  </testcase>
</testsuite>