<?xml version="1.0" encoding="UTF-8"?>
<testsuite xmlns:xsi="http://www.w3.org/2001/XMLSchema-instance" xsi:noNamespaceSchemaLocation="https://maven.apache.org/surefire/maven-surefire-plugin/xsd/surefire-test-report-3.0.xsd" version="3.0" name="com.library.StudentServiceTest" time="0.527" tests="5" errors="0" skipped="0" failures="0">
  <properties>
[...]
</properties>
  <testcase name="testFindStudentById" classname="com.library.StudentServiceTest" time="0.117"/>
  <testcase name="testAddStudent" classname="com.library.StudentServiceTest" time="0.106"/>
  <testcase name="testCloseConnection" classname="com.library.StudentServiceTest" time="0.046"/>
  <testcase name="testDisplayStudents" classname="com.library.StudentServiceTest" time="0.169">
    <system-out><![CDATA[Liste des étudiants :
ID: 1 | Nom: Alice
ID: 2 | Nom: Bob
]]></system-out>
  </testcase>
  <testcase name="testFindNonExistentStudent" classname="com.library.StudentServiceTest" time="0.078">
    <system-out><![CDATA[Aucun étudiant trouvé avec l'ID : 999
]]></system-out>
    <system-err><![CDATA[Dec 20, 2024 12:30:59 AM com.library.dao.StudentDAO getStudentById
WARNING: Aucun étudiant trouvé avec l'ID : 999
]]></system-err>
  </testcase>
</testsuite>